1611679235136	geckodriver	INFO	Listening on 127.0.0.1:60638
1611679238224	mozrunner::runner	INFO	Running command: "C:\\Program Files\\Mozilla Firefox\\firefox.exe" "--marionette" "-foreground" "-no-remote" "-profile" "C:\\Users\\Acer\\AppData\\Local\\Temp\\rust_mozprofilegz079f"
Can't find symbol 'eglSwapBuffersWithDamageEXT'.
Can't find symbol 'eglSetDamageRegionKHR'.
console.warn: SearchSettings: "get: No settings file exists, new profile?" (new Error("", "(unknown module)"))
1611679271006	Marionette	INFO	Listening on port 60647
1611679272061	Marionette	WARN	TLS certificate errors will be ignored for this session
JavaScript error: https://pagead2.googlesyndication.com/pagead/js/adsbygoogle.js, line 216: uncaught exception: TagError: adsbygoogle.push() error: Only one 'enable_page_level_ads' allowed per page.
JavaScript error: , line 0: NotFoundError: No such JSWindowActor 'MarionetteEvents'
JavaScript error: , line 0: NotFoundError: No such JSWindowActor 'MarionetteEvents'
Can't find symbol 'eglSwapBuffersWithDamageEXT'.
Can't find symbol 'eglSetDamageRegionKHR'.
[Parent 7564, Gecko_IOThread] WARNING: file /builds/worker/checkouts/gecko/ipc/chromium/src/base/process_util_win.cc:166
1611679668301	Marionette	INFO	Stopped listening on port 60647

###!!! [Child][RunMessage] Error: Channel closing: too late to send/recv, messages will be lost

find symbol 'eglSwapBuffersWithDamageEXT'.
Can't find symbol 'eglSetDamageRegionKHR'.
console.warn: SearchSettings: "get: No settings file exists, new profile?" (new Error("", "(unknown module)"))
1611679311242	Marionette	INFO	Listening on port 60774
1611679311755	Marionette	WARN	TLS certificate errors will be ignored for this session
JavaScript error: https://pagead2.googlesyndication.com/pagead/js/adsbygoogle.js, line 216: uncaught exception: TagError: adsbygoogle.push() error: Only one 'enable_page_level_ads' allowed per page.
JavaScript error: https://pagead2.googlesyndication.com/pagead/js/adsbygoogle.js, line 216: uncaught exception: TagError: adsbygoogle.push() error: Only one 'enable_page_level_ads' allowed per page.
Can't find symbol 'eglSwapBuffersWithDamageEXT'.
Can't find symbol 'eglSetDamageRegionKHR'.
JavaScript error: , line 0: NotFoundError: No such JSWindowActor 'MarionetteEvents'
JavaScript error: , line 0: NotFoundError: No such JSWindowActor 'MarionetteEvents'
1611679347598	Marionette	WARN	TimedPromise timed out after 500 ms: stacktrace:
TimedPromise/<@chrome://marionette/content/sync.js:235:19
TimedPromise@chrome://marionette/content/sync.js:220:10
interaction.flushEventLoop@chrome://marionette/content/interaction.js:418:10
webdriverClickElement@chrome://marionette/content/interaction.js:179:31
JavaScript error: https://pagead2.googlesyndication.com/pagead/js/adsbygoogle.js, line 216: uncaught exception: TagError: adsbygoogle.push() error: Only one 'enable_page_level_ads' allowed per page.
JavaScript error: , line 0: NotFoundError: No such JSWindowActor 'MarionetteEvents'
JavaScript error: , line 0: NotFoundError: No such JSWindowActor 'MarionetteEvents'
JavaScript error: , line 0: NotFoundError: No such JSWindowActor 'MarionetteEvents'
JavaScript error: https://pagead2.googlesyndication.com/pagead/js/adsbygoogle.js, line 216: uncaught exception: TagError: adsbygoogle.push() error: Only one 'enable_page_level_ads' allowed per page.
JavaScript error: , line 0: NotFoundError: No such JSWindowActor 'MarionetteEvents'
JavaScript error: , line 0: NotFoundError: No such JSWindowActor 'MarionetteEvents'
JavaScript error: , line 0: NotFoundError: No such JSWindowActor 'MarionetteEvents'
JavaScript error: , line 0: NotFoundError: No such JSWindowActor 'MarionetteEvents'
JavaScript error: https://pagead2.googlesyndication.com/pagead/js/adsbygoogle.js, line 216: uncaught exception: TagError: adsbygoogle.push() error: Only one 'enable_page_level_ads' allowed per page.
JavaScript error: , line 0: NotFoundError: No such JSWindowActor 'MarionetteEvents'
JavaScript error: resource://activity-stream/lib/ASRouter.jsm, line 987: NS_ERROR_ILLEGAL_VALUE: Component returned failure code: 0x80070057 (NS_ERROR_ILLEGAL_VALUE) [nsIObserverService.removeObserver]
1611679666881	Marionette	INFO	Stopped listening on port 60774

###!!! [Child][RunMessage] Error: Channel closing: too late to send/recv, messages will be lost

